2024-05-15 11:01:19,203 [main] INFO  [com.wj.demo.DemoApplication] StartupInfoLogger.java:50 - Starting DemoApplication using Java 17.0.9 with PID 76904 (D:\Project\demo\target\classes started by wj in D:\Project\demo)
2024-05-15 11:01:19,204 [main] DEBUG [com.wj.demo.DemoApplication] StartupInfoLogger.java:51 - Running with Spring Boot v3.2.0, Spring v6.1.1
2024-05-15 11:01:19,204 [main] INFO  [com.wj.demo.DemoApplication] SpringApplication.java:659 - The following 1 profile is active: "dev"
2024-05-15 11:01:19,613 [main] INFO  [o.s.d.r.config.RepositoryConfigurationDelegate] RepositoryConfigurationDelegate.java:292 - Multiple Spring Data modules found, entering strict repository configuration mode
2024-05-15 11:01:19,615 [main] INFO  [o.s.d.r.config.RepositoryConfigurationDelegate] RepositoryConfigurationDelegate.java:139 - Bootstrapping Spring Data Redis repositories in DEFAULT mode.
2024-05-15 11:01:19,637 [main] INFO  [o.s.d.r.config.RepositoryConfigurationDelegate] RepositoryConfigurationDelegate.java:208 - Finished Spring Data repository scanning in 10 ms. Found 0 Redis repository interfaces.
2024-05-15 11:01:19,702 [main] WARN  [org.mybatis.spring.mapper.ClassPathMapperScanner] Logger.java:44 - Skipping MapperFactoryBean with name 'languageMessageMapper' and 'com.wj.demo.i18n.mapper.LanguageMessageMapper' mapperInterface. Bean already defined with the same name!
2024-05-15 11:01:19,703 [main] WARN  [org.mybatis.spring.mapper.ClassPathMapperScanner] Logger.java:44 - No MyBatis mapper was found in '[com.wj.demo.i18n.mapper]' package. Please check your configuration.
2024-05-15 11:01:20,050 [main] INFO  [o.s.boot.web.embedded.tomcat.TomcatWebServer] TomcatWebServer.java:108 - Tomcat initialized with port 8080 (http)
2024-05-15 11:01:20,055 [main] INFO  [org.apache.coyote.http11.Http11NioProtocol] DirectJDKLog.java:173 - Initializing ProtocolHandler ["http-nio-8080"]
2024-05-15 11:01:20,056 [main] INFO  [org.apache.catalina.core.StandardService] DirectJDKLog.java:173 - Starting service [Tomcat]
2024-05-15 11:01:20,056 [main] INFO  [org.apache.catalina.core.StandardEngine] DirectJDKLog.java:173 - Starting Servlet engine: [Apache Tomcat/10.1.16]
2024-05-15 11:01:20,083 [main] INFO  [o.a.c.core.ContainerBase.[Tomcat].[localhost].[/]] DirectJDKLog.java:173 - Initializing Spring embedded WebApplicationContext
2024-05-15 11:01:20,083 [main] INFO  [o.s.b.w.s.c.ServletWebServerApplicationContext] ServletWebServerApplicationContext.java:296 - Root WebApplicationContext: initialization completed in 848 ms
2024-05-15 11:01:20,287 [main] DEBUG [com.wj.demo.i18n.CommonMessageSource] CommonMessageSource.java:51 - LOCAL_CACHE init start.............
2024-05-15 11:01:20,334 [main] INFO  [com.zaxxer.hikari.HikariDataSource] HikariDataSource.java:110 - HikariPool-1 - Starting...
2024-05-15 11:01:20,591 [main] INFO  [com.zaxxer.hikari.pool.HikariPool] HikariPool.java:565 - HikariPool-1 - Added connection com.mysql.cj.jdbc.ConnectionImpl@295f2d1b
2024-05-15 11:01:20,593 [main] INFO  [com.zaxxer.hikari.HikariDataSource] HikariDataSource.java:123 - HikariPool-1 - Start completed.
2024-05-15 11:01:20,597 [main] DEBUG [c.w.d.i18n.mapper.LanguageMessageMapper.selectList] BaseJdbcLogger.java:135 - ==>  Preparing: SELECT id,language,code,label,created_by,created_time,updated_by,updated_time,remark,del_flag FROM t_language_message
2024-05-15 11:01:20,609 [main] DEBUG [c.w.d.i18n.mapper.LanguageMessageMapper.selectList] BaseJdbcLogger.java:135 - ==> Parameters: 
2024-05-15 11:01:20,652 [main] DEBUG [c.w.d.i18n.mapper.LanguageMessageMapper.selectList] BaseJdbcLogger.java:135 - <==      Total: 4
2024-05-15 11:01:20,657 [main] DEBUG [com.wj.demo.i18n.CommonMessageSource] CommonMessageSource.java:94 - LOCAL_CACHE init end.............
2024-05-15 11:01:21,113 [main] INFO  [org.apache.coyote.http11.Http11NioProtocol] DirectJDKLog.java:173 - Starting ProtocolHandler ["http-nio-8080"]
2024-05-15 11:01:21,124 [main] INFO  [o.s.boot.web.embedded.tomcat.TomcatWebServer] TomcatWebServer.java:221 - Tomcat started on port 8080 (http) with context path ''
2024-05-15 11:01:21,127 [main] INFO  [com.wj.demo.DemoApplication] StartupInfoLogger.java:56 - Started DemoApplication in 2.17 seconds (process running for 2.743)
